
*** Running vivado
    with args -log RISCV_Uniciclo_OR_32bit_0_0.vds -m64 -product Vivado -mode batch -messageDb vivado.pb -notrace -source RISCV_Uniciclo_OR_32bit_0_0.tcl



****** Vivado v2020.3 (64-bit)
  **** SW Build 3173277 on Wed Apr  7 05:07:49 MDT 2021
  **** IP Build 3174024 on Wed Apr  7 23:42:35 MDT 2021
    ** Copyright 1986-2021 Xilinx, Inc. All Rights Reserved.

source RISCV_Uniciclo_OR_32bit_0_0.tcl -notrace
INFO: [IP_Flow 19-6925] IPCACHE: Skipping cache check for IP RISCV_Uniciclo_OR_32bit_0_0: IP Cache does not support module reference IP
Command: synth_design -top RISCV_Uniciclo_OR_32bit_0_0 -part xcvc1802-viva1596-1LHP-i-L -mode out_of_context
Starting synth_design
WARNING: [IP_Flow 19-3571] IP 'RISCV_Uniciclo_OR_32bit_0_0' is restricted:
* Module reference is stale and needs refreshing.
Attempting to get a license for feature 'Synthesis' and/or device 'xcvc1802'
INFO: [Common 17-349] Got license for feature 'Synthesis' and/or device 'xcvc1802'
INFO: [Common 17-86] Your Synthesis license expires in 8 day(s)
INFO: [Synth 8-7079] Multithreading enabled for synth_design using a maximum of 2 processes.
INFO: [Synth 8-7078] Launching helper process for spawning children vivado processes
INFO: [Synth 8-7075] Helper process launched with PID 15836
load Versal unisim library
load Versal unisim library
---------------------------------------------------------------------------------
Starting Synthesize : Time (s): cpu = 00:00:13 ; elapsed = 00:00:14 . Memory (MB): peak = 1105.867 ; gain = 0.000
---------------------------------------------------------------------------------
INFO: [Synth 8-6157] synthesizing module 'RISCV_Uniciclo_OR_32bit_0_0' [c:/Users/chris_qwzwysn/Proyecto Micros Arquitectura RISCV/Proyecto-Micros-Arquitectura-RISCV/Proyecto Micros Arquitectura RISCV.gen/sources_1/bd/RISCV_Uniciclo/ip/RISCV_Uniciclo_OR_32bit_0_0/synth/RISCV_Uniciclo_OR_32bit_0_0.v:58]
INFO: [Synth 8-6157] synthesizing module 'OR_32bit' [C:/Users/chris_qwzwysn/Proyecto Micros Arquitectura RISCV/Proyecto-Micros-Arquitectura-RISCV/Modulos/OR_32bit.v:17]
INFO: [Synth 8-6155] done synthesizing module 'OR_32bit' (1#1) [C:/Users/chris_qwzwysn/Proyecto Micros Arquitectura RISCV/Proyecto-Micros-Arquitectura-RISCV/Modulos/OR_32bit.v:17]
INFO: [Synth 8-6155] done synthesizing module 'RISCV_Uniciclo_OR_32bit_0_0' (2#1) [c:/Users/chris_qwzwysn/Proyecto Micros Arquitectura RISCV/Proyecto-Micros-Arquitectura-RISCV/Proyecto Micros Arquitectura RISCV.gen/sources_1/bd/RISCV_Uniciclo/ip/RISCV_Uniciclo_OR_32bit_0_0/synth/RISCV_Uniciclo_OR_32bit_0_0.v:58]
---------------------------------------------------------------------------------
Finished Synthesize : Time (s): cpu = 00:00:15 ; elapsed = 00:00:18 . Memory (MB): peak = 1105.867 ; gain = 0.000
---------------------------------------------------------------------------------
---------------------------------------------------------------------------------
Finished Constraint Validation : Time (s): cpu = 00:00:16 ; elapsed = 00:00:19 . Memory (MB): peak = 1105.867 ; gain = 0.000
---------------------------------------------------------------------------------
---------------------------------------------------------------------------------
Start Loading Part and Timing Information
---------------------------------------------------------------------------------
Loading part: xcvc1802-viva1596-1LHP-i-L
INFO: [Synth 8-6742] Reading net delay rules and data
---------------------------------------------------------------------------------
Finished Loading Part and Timing Information : Time (s): cpu = 00:00:16 ; elapsed = 00:00:19 . Memory (MB): peak = 1105.867 ; gain = 0.000
---------------------------------------------------------------------------------
INFO: [Device 21-403] Loading part xcvc1802-viva1596-1LHP-i-L
---------------------------------------------------------------------------------
Finished RTL Optimization Phase 2 : Time (s): cpu = 00:00:17 ; elapsed = 00:00:19 . Memory (MB): peak = 1105.867 ; gain = 0.000
---------------------------------------------------------------------------------
No constraint files found.
---------------------------------------------------------------------------------
Start RTL Component Statistics 
---------------------------------------------------------------------------------
Detailed RTL Component Info : 
---------------------------------------------------------------------------------
Finished RTL Component Statistics 
---------------------------------------------------------------------------------
---------------------------------------------------------------------------------
Start Part Resource Summary
---------------------------------------------------------------------------------
WARNING: [Device 21-713] Unknown Tile Type, SLL, given for group, SLL
Part Resources:
DSPs: 1600 (col length:164)
BRAMs: 1600 (col length: RAMB18 168 RAMB36 84)
---------------------------------------------------------------------------------
Finished Part Resource Summary
---------------------------------------------------------------------------------
No constraint files found.
---------------------------------------------------------------------------------
Start Cross Boundary and Area Optimization
---------------------------------------------------------------------------------
---------------------------------------------------------------------------------
Finished Cross Boundary and Area Optimization : Time (s): cpu = 00:00:42 ; elapsed = 00:00:48 . Memory (MB): peak = 1485.098 ; gain = 379.230
---------------------------------------------------------------------------------
No constraint files found.
---------------------------------------------------------------------------------
Start Timing Optimization
---------------------------------------------------------------------------------
---------------------------------------------------------------------------------
Finished Timing Optimization : Time (s): cpu = 00:00:42 ; elapsed = 00:00:48 . Memory (MB): peak = 1488.508 ; gain = 382.641
---------------------------------------------------------------------------------
---------------------------------------------------------------------------------
Start Technology Mapping
---------------------------------------------------------------------------------
---------------------------------------------------------------------------------
Finished Technology Mapping : Time (s): cpu = 00:00:42 ; elapsed = 00:00:49 . Memory (MB): peak = 1488.734 ; gain = 382.867
---------------------------------------------------------------------------------
---------------------------------------------------------------------------------
Start IO Insertion
---------------------------------------------------------------------------------
---------------------------------------------------------------------------------
Start Flattening Before IO Insertion
---------------------------------------------------------------------------------
---------------------------------------------------------------------------------
Finished Flattening Before IO Insertion
---------------------------------------------------------------------------------
---------------------------------------------------------------------------------
Start Final Netlist Cleanup
---------------------------------------------------------------------------------
---------------------------------------------------------------------------------
Finished Final Netlist Cleanup
---------------------------------------------------------------------------------
---------------------------------------------------------------------------------
Finished IO Insertion : Time (s): cpu = 00:00:49 ; elapsed = 00:00:55 . Memory (MB): peak = 1488.734 ; gain = 382.867
---------------------------------------------------------------------------------
---------------------------------------------------------------------------------
Start Renaming Generated Instances
---------------------------------------------------------------------------------
---------------------------------------------------------------------------------
Finished Renaming Generated Instances : Time (s): cpu = 00:00:49 ; elapsed = 00:00:55 . Memory (MB): peak = 1488.734 ; gain = 382.867
---------------------------------------------------------------------------------
---------------------------------------------------------------------------------
Start Rebuilding User Hierarchy
---------------------------------------------------------------------------------
---------------------------------------------------------------------------------
Finished Rebuilding User Hierarchy : Time (s): cpu = 00:00:49 ; elapsed = 00:00:55 . Memory (MB): peak = 1488.734 ; gain = 382.867
---------------------------------------------------------------------------------
---------------------------------------------------------------------------------
Start Renaming Generated Ports
---------------------------------------------------------------------------------
---------------------------------------------------------------------------------
Finished Renaming Generated Ports : Time (s): cpu = 00:00:49 ; elapsed = 00:00:55 . Memory (MB): peak = 1488.734 ; gain = 382.867
---------------------------------------------------------------------------------
---------------------------------------------------------------------------------
Start Handling Custom Attributes
---------------------------------------------------------------------------------
---------------------------------------------------------------------------------
Finished Handling Custom Attributes : Time (s): cpu = 00:00:49 ; elapsed = 00:00:55 . Memory (MB): peak = 1488.734 ; gain = 382.867
---------------------------------------------------------------------------------
---------------------------------------------------------------------------------
Start Renaming Generated Nets
---------------------------------------------------------------------------------
---------------------------------------------------------------------------------
Finished Renaming Generated Nets : Time (s): cpu = 00:00:49 ; elapsed = 00:00:55 . Memory (MB): peak = 1488.734 ; gain = 382.867
---------------------------------------------------------------------------------
---------------------------------------------------------------------------------
Start Writing Synthesis Report
---------------------------------------------------------------------------------

Report BlackBoxes: 
+-+--------------+----------+
| |BlackBox name |Instances |
+-+--------------+----------+
+-+--------------+----------+

Report Cell Usage: 
+------+-----+------+
|      |Cell |Count |
+------+-----+------+
|1     |LUT2 |     1|
|2     |LUT6 |     6|
+------+-----+------+

Report Instance Areas: 
+------+---------+---------+------+
|      |Instance |Module   |Cells |
+------+---------+---------+------+
|1     |top      |         |     7|
|2     |  inst   |OR_32bit |     7|
+------+---------+---------+------+
---------------------------------------------------------------------------------
Finished Writing Synthesis Report : Time (s): cpu = 00:00:49 ; elapsed = 00:00:55 . Memory (MB): peak = 1488.734 ; gain = 382.867
---------------------------------------------------------------------------------
Synthesis finished with 0 errors, 0 critical warnings and 1 warnings.
Synthesis Optimization Runtime : Time (s): cpu = 00:00:49 ; elapsed = 00:00:55 . Memory (MB): peak = 1488.734 ; gain = 382.867
Synthesis Optimization Complete : Time (s): cpu = 00:00:49 ; elapsed = 00:00:55 . Memory (MB): peak = 1488.734 ; gain = 382.867
INFO: [Project 1-571] Translating synthesized netlist
Netlist sorting complete. Time (s): cpu = 00:00:00 ; elapsed = 00:00:00 . Memory (MB): peak = 1500.555 ; gain = 0.000
INFO: [Constraints 18-5718] GCLK Deskew mode is set to Off via param.
INFO: [Project 1-570] Preparing netlist for logic optimization
INFO: [Opt 31-138] Pushed 0 inverter(s) to 0 load pin(s).
Netlist sorting complete. Time (s): cpu = 00:00:00 ; elapsed = 00:00:00 . Memory (MB): peak = 1728.480 ; gain = 0.000
INFO: [Project 1-111] Unisim Transformation Summary:
No Unisim elements were transformed.

Synth Design complete, checksum: c3bb4980
INFO: [Common 17-83] Releasing license: Synthesis
18 Infos, 2 Warnings, 0 Critical Warnings and 0 Errors encountered.
synth_design completed successfully
synth_design: Time (s): cpu = 00:00:57 ; elapsed = 00:01:05 . Memory (MB): peak = 1728.480 ; gain = 622.613
INFO: [Timing 38-35] Done setting XDC timing constraints.
INFO: [Common 17-1381] The checkpoint 'C:/Users/chris_qwzwysn/Proyecto Micros Arquitectura RISCV/Proyecto-Micros-Arquitectura-RISCV/Proyecto Micros Arquitectura RISCV.runs/RISCV_Uniciclo_OR_32bit_0_0_synth_1/RISCV_Uniciclo_OR_32bit_0_0.dcp' has been generated.
write_checkpoint: Time (s): cpu = 00:00:24 ; elapsed = 00:00:31 . Memory (MB): peak = 1998.508 ; gain = 270.027
WARNING: [Common 17-576] 'use_project_ipc' is deprecated. This option is deprecated and no longer used.
INFO: [Common 17-1381] The checkpoint 'C:/Users/chris_qwzwysn/Proyecto Micros Arquitectura RISCV/Proyecto-Micros-Arquitectura-RISCV/Proyecto Micros Arquitectura RISCV.runs/RISCV_Uniciclo_OR_32bit_0_0_synth_1/RISCV_Uniciclo_OR_32bit_0_0.dcp' has been generated.
INFO: [runtcl-4] Executing : report_utilization -file RISCV_Uniciclo_OR_32bit_0_0_utilization_synth.rpt -pb RISCV_Uniciclo_OR_32bit_0_0_utilization_synth.pb
INFO: [Common 17-206] Exiting Vivado at Tue Jun  8 21:42:37 2021...
