
*** Running vivado
    with args -log RISCV_Uniciclo_Extension_Unit_0_1.vds -m64 -product Vivado -mode batch -messageDb vivado.pb -notrace -source RISCV_Uniciclo_Extension_Unit_0_1.tcl



****** Vivado v2020.3 (64-bit)
  **** SW Build 3173277 on Wed Apr  7 05:07:49 MDT 2021
  **** IP Build 3174024 on Wed Apr  7 23:42:35 MDT 2021
    ** Copyright 1986-2021 Xilinx, Inc. All Rights Reserved.

source RISCV_Uniciclo_Extension_Unit_0_1.tcl -notrace
INFO: [IP_Flow 19-6925] IPCACHE: Skipping cache check for IP RISCV_Uniciclo_Extension_Unit_0_1: IP Cache does not support module reference IP
Command: synth_design -top RISCV_Uniciclo_Extension_Unit_0_1 -part xcvc1802-viva1596-1LHP-i-L -mode out_of_context
Starting synth_design
WARNING: [IP_Flow 19-3571] IP 'RISCV_Uniciclo_Extension_Unit_0_1' is restricted:
* Module reference is stale and needs refreshing.
Attempting to get a license for feature 'Synthesis' and/or device 'xcvc1802'
INFO: [Common 17-349] Got license for feature 'Synthesis' and/or device 'xcvc1802'
INFO: [Common 17-86] Your Synthesis license expires in 8 day(s)
INFO: [Synth 8-7079] Multithreading enabled for synth_design using a maximum of 2 processes.
INFO: [Synth 8-7078] Launching helper process for spawning children vivado processes
INFO: [Synth 8-7075] Helper process launched with PID 6004
load Versal unisim library
load Versal unisim library
---------------------------------------------------------------------------------
Starting Synthesize : Time (s): cpu = 00:00:12 ; elapsed = 00:00:14 . Memory (MB): peak = 1106.184 ; gain = 0.000
---------------------------------------------------------------------------------
INFO: [Synth 8-6157] synthesizing module 'RISCV_Uniciclo_Extension_Unit_0_1' [c:/Users/chris_qwzwysn/Proyecto Micros Arquitectura RISCV/Proyecto-Micros-Arquitectura-RISCV/Proyecto Micros Arquitectura RISCV.gen/sources_1/bd/RISCV_Uniciclo/ip/RISCV_Uniciclo_Extension_Unit_0_1/synth/RISCV_Uniciclo_Extension_Unit_0_1.v:58]
INFO: [Synth 8-6157] synthesizing module 'Extension_Unit' [C:/Users/chris_qwzwysn/Proyecto Micros Arquitectura RISCV/Proyecto-Micros-Arquitectura-RISCV/Modulos/Extension_Unit.v:23]
INFO: [Synth 8-6155] done synthesizing module 'Extension_Unit' (1#1) [C:/Users/chris_qwzwysn/Proyecto Micros Arquitectura RISCV/Proyecto-Micros-Arquitectura-RISCV/Modulos/Extension_Unit.v:23]
INFO: [Synth 8-6155] done synthesizing module 'RISCV_Uniciclo_Extension_Unit_0_1' (2#1) [c:/Users/chris_qwzwysn/Proyecto Micros Arquitectura RISCV/Proyecto-Micros-Arquitectura-RISCV/Proyecto Micros Arquitectura RISCV.gen/sources_1/bd/RISCV_Uniciclo/ip/RISCV_Uniciclo_Extension_Unit_0_1/synth/RISCV_Uniciclo_Extension_Unit_0_1.v:58]
---------------------------------------------------------------------------------
Finished Synthesize : Time (s): cpu = 00:00:14 ; elapsed = 00:00:17 . Memory (MB): peak = 1106.184 ; gain = 0.000
---------------------------------------------------------------------------------
---------------------------------------------------------------------------------
Finished Constraint Validation : Time (s): cpu = 00:00:15 ; elapsed = 00:00:18 . Memory (MB): peak = 1106.184 ; gain = 0.000
---------------------------------------------------------------------------------
---------------------------------------------------------------------------------
Start Loading Part and Timing Information
---------------------------------------------------------------------------------
Loading part: xcvc1802-viva1596-1LHP-i-L
INFO: [Synth 8-6742] Reading net delay rules and data
---------------------------------------------------------------------------------
Finished Loading Part and Timing Information : Time (s): cpu = 00:00:15 ; elapsed = 00:00:18 . Memory (MB): peak = 1106.184 ; gain = 0.000
---------------------------------------------------------------------------------
INFO: [Device 21-403] Loading part xcvc1802-viva1596-1LHP-i-L
---------------------------------------------------------------------------------
Finished RTL Optimization Phase 2 : Time (s): cpu = 00:00:16 ; elapsed = 00:00:18 . Memory (MB): peak = 1106.184 ; gain = 0.000
---------------------------------------------------------------------------------
No constraint files found.
---------------------------------------------------------------------------------
Start RTL Component Statistics 
---------------------------------------------------------------------------------
Detailed RTL Component Info : 
---------------------------------------------------------------------------------
Finished RTL Component Statistics 
---------------------------------------------------------------------------------
---------------------------------------------------------------------------------
Start Part Resource Summary
---------------------------------------------------------------------------------
WARNING: [Device 21-713] Unknown Tile Type, SLL, given for group, SLL
Part Resources:
DSPs: 1600 (col length:164)
BRAMs: 1600 (col length: RAMB18 168 RAMB36 84)
---------------------------------------------------------------------------------
Finished Part Resource Summary
---------------------------------------------------------------------------------
No constraint files found.
---------------------------------------------------------------------------------
Start Cross Boundary and Area Optimization
---------------------------------------------------------------------------------
---------------------------------------------------------------------------------
Finished Cross Boundary and Area Optimization : Time (s): cpu = 00:00:45 ; elapsed = 00:00:55 . Memory (MB): peak = 1470.238 ; gain = 364.055
---------------------------------------------------------------------------------
No constraint files found.
---------------------------------------------------------------------------------
Start Timing Optimization
---------------------------------------------------------------------------------
---------------------------------------------------------------------------------
Finished Timing Optimization : Time (s): cpu = 00:00:45 ; elapsed = 00:00:55 . Memory (MB): peak = 1482.133 ; gain = 375.949
---------------------------------------------------------------------------------
---------------------------------------------------------------------------------
Start Technology Mapping
---------------------------------------------------------------------------------
---------------------------------------------------------------------------------
Finished Technology Mapping : Time (s): cpu = 00:00:45 ; elapsed = 00:00:55 . Memory (MB): peak = 1482.301 ; gain = 376.117
---------------------------------------------------------------------------------
---------------------------------------------------------------------------------
Start IO Insertion
---------------------------------------------------------------------------------
---------------------------------------------------------------------------------
Start Flattening Before IO Insertion
---------------------------------------------------------------------------------
---------------------------------------------------------------------------------
Finished Flattening Before IO Insertion
---------------------------------------------------------------------------------
---------------------------------------------------------------------------------
Start Final Netlist Cleanup
---------------------------------------------------------------------------------
---------------------------------------------------------------------------------
Finished Final Netlist Cleanup
---------------------------------------------------------------------------------
---------------------------------------------------------------------------------
Finished IO Insertion : Time (s): cpu = 00:00:52 ; elapsed = 00:01:02 . Memory (MB): peak = 1482.301 ; gain = 376.117
---------------------------------------------------------------------------------
---------------------------------------------------------------------------------
Start Renaming Generated Instances
---------------------------------------------------------------------------------
---------------------------------------------------------------------------------
Finished Renaming Generated Instances : Time (s): cpu = 00:00:52 ; elapsed = 00:01:02 . Memory (MB): peak = 1482.301 ; gain = 376.117
---------------------------------------------------------------------------------
---------------------------------------------------------------------------------
Start Rebuilding User Hierarchy
---------------------------------------------------------------------------------
---------------------------------------------------------------------------------
Finished Rebuilding User Hierarchy : Time (s): cpu = 00:00:52 ; elapsed = 00:01:02 . Memory (MB): peak = 1482.301 ; gain = 376.117
---------------------------------------------------------------------------------
---------------------------------------------------------------------------------
Start Renaming Generated Ports
---------------------------------------------------------------------------------
---------------------------------------------------------------------------------
Finished Renaming Generated Ports : Time (s): cpu = 00:00:52 ; elapsed = 00:01:02 . Memory (MB): peak = 1482.301 ; gain = 376.117
---------------------------------------------------------------------------------
---------------------------------------------------------------------------------
Start Handling Custom Attributes
---------------------------------------------------------------------------------
---------------------------------------------------------------------------------
Finished Handling Custom Attributes : Time (s): cpu = 00:00:52 ; elapsed = 00:01:02 . Memory (MB): peak = 1482.301 ; gain = 376.117
---------------------------------------------------------------------------------
---------------------------------------------------------------------------------
Start Renaming Generated Nets
---------------------------------------------------------------------------------
---------------------------------------------------------------------------------
Finished Renaming Generated Nets : Time (s): cpu = 00:00:52 ; elapsed = 00:01:02 . Memory (MB): peak = 1482.301 ; gain = 376.117
---------------------------------------------------------------------------------
---------------------------------------------------------------------------------
Start Writing Synthesis Report
---------------------------------------------------------------------------------

Report BlackBoxes: 
+-+--------------+----------+
| |BlackBox name |Instances |
+-+--------------+----------+
+-+--------------+----------+

Report Cell Usage: 
+------+-----+------+
|      |Cell |Count |
+------+-----+------+
|1     |LUT3 |     1|
|2     |LUT5 |    30|
|3     |LUT6 |     1|
+------+-----+------+

Report Instance Areas: 
+------+---------+---------------+------+
|      |Instance |Module         |Cells |
+------+---------+---------------+------+
|1     |top      |               |    32|
|2     |  inst   |Extension_Unit |    32|
+------+---------+---------------+------+
---------------------------------------------------------------------------------
Finished Writing Synthesis Report : Time (s): cpu = 00:00:52 ; elapsed = 00:01:02 . Memory (MB): peak = 1482.301 ; gain = 376.117
---------------------------------------------------------------------------------
Synthesis finished with 0 errors, 0 critical warnings and 1 warnings.
Synthesis Optimization Runtime : Time (s): cpu = 00:00:52 ; elapsed = 00:01:02 . Memory (MB): peak = 1482.301 ; gain = 376.117
Synthesis Optimization Complete : Time (s): cpu = 00:00:52 ; elapsed = 00:01:02 . Memory (MB): peak = 1482.301 ; gain = 376.117
INFO: [Project 1-571] Translating synthesized netlist
Netlist sorting complete. Time (s): cpu = 00:00:00 ; elapsed = 00:00:00.001 . Memory (MB): peak = 1495.223 ; gain = 0.000
INFO: [Constraints 18-5718] GCLK Deskew mode is set to Off via param.
INFO: [Project 1-570] Preparing netlist for logic optimization
INFO: [Opt 31-138] Pushed 0 inverter(s) to 0 load pin(s).
Netlist sorting complete. Time (s): cpu = 00:00:00 ; elapsed = 00:00:00 . Memory (MB): peak = 1722.867 ; gain = 0.000
INFO: [Project 1-111] Unisim Transformation Summary:
No Unisim elements were transformed.

Synth Design complete, checksum: 888034b2
INFO: [Common 17-83] Releasing license: Synthesis
18 Infos, 2 Warnings, 0 Critical Warnings and 0 Errors encountered.
synth_design completed successfully
synth_design: Time (s): cpu = 00:00:59 ; elapsed = 00:01:09 . Memory (MB): peak = 1722.867 ; gain = 616.684
Failed to write replay
Failed to write replay
ERROR: [Common 17-70] Application Exception: DcpWriter - Could not open file for writing: C:/Users/chris_qwzwysn/Proyecto Micros Arquitectura RISCV/Proyecto-Micros-Arquitectura-RISCV/Proyecto Micros Arquitectura RISCV.runs/RISCV_Uniciclo_Extension_Unit_0_1_synth_1/.Xil/Vivado-10296-DESKTOP-NELKSFF/dcp1/RISCV_Uniciclo_Extension_Unit_0_1_in_context.xdc

    while executing
"write_checkpoint -force -noxdef RISCV_Uniciclo_Extension_Unit_0_1.dcp"
    invoked from within
"if { $cached_ip eq {} } {
close [open __synthesis_is_running__ w]

OPTRACE "synth_design" START { }
synth_design -top RISCV_Uniciclo_Extension_Unit_0_..."
    (file "RISCV_Uniciclo_Extension_Unit_0_1.tcl" line 110)
INFO: [Common 17-206] Exiting Vivado at Tue Jun  8 23:53:51 2021...
