
*** Running vivado
    with args -log RISCV_Uniciclo_ALU_0_1.vds -m64 -product Vivado -mode batch -messageDb vivado.pb -notrace -source RISCV_Uniciclo_ALU_0_1.tcl



****** Vivado v2020.3 (64-bit)
  **** SW Build 3173277 on Wed Apr  7 05:07:49 MDT 2021
  **** IP Build 3174024 on Wed Apr  7 23:42:35 MDT 2021
    ** Copyright 1986-2021 Xilinx, Inc. All Rights Reserved.

source RISCV_Uniciclo_ALU_0_1.tcl -notrace
INFO: [IP_Flow 19-6925] IPCACHE: Skipping cache check for IP RISCV_Uniciclo_ALU_0_1: IP Cache does not support module reference IP
Command: synth_design -top RISCV_Uniciclo_ALU_0_1 -part xcvc1802-viva1596-1LHP-i-L -mode out_of_context
Starting synth_design
WARNING: [IP_Flow 19-3571] IP 'RISCV_Uniciclo_ALU_0_1' is restricted:
* Module reference is stale and needs refreshing.
Attempting to get a license for feature 'Synthesis' and/or device 'xcvc1802'
INFO: [Common 17-349] Got license for feature 'Synthesis' and/or device 'xcvc1802'
INFO: [Common 17-86] Your Synthesis license expires in 8 day(s)
INFO: [Synth 8-7079] Multithreading enabled for synth_design using a maximum of 2 processes.
INFO: [Synth 8-7078] Launching helper process for spawning children vivado processes
INFO: [Synth 8-7075] Helper process launched with PID 5676
load Versal unisim library
load Versal unisim library
---------------------------------------------------------------------------------
Starting Synthesize : Time (s): cpu = 00:00:12 ; elapsed = 00:00:13 . Memory (MB): peak = 1102.629 ; gain = 0.000
---------------------------------------------------------------------------------
INFO: [Synth 8-6157] synthesizing module 'RISCV_Uniciclo_ALU_0_1' [c:/Users/chris_qwzwysn/Proyecto Micros Arquitectura RISCV/Proyecto-Micros-Arquitectura-RISCV/Proyecto Micros Arquitectura RISCV.gen/sources_1/bd/RISCV_Uniciclo/ip/RISCV_Uniciclo_ALU_0_1/synth/RISCV_Uniciclo_ALU_0_1.v:58]
INFO: [Synth 8-6157] synthesizing module 'ALU' [C:/Users/chris_qwzwysn/Proyecto Micros Arquitectura RISCV/Proyecto-Micros-Arquitectura-RISCV/Modulos/ALU.v:23]
INFO: [Synth 8-226] default block is never used [C:/Users/chris_qwzwysn/Proyecto Micros Arquitectura RISCV/Proyecto-Micros-Arquitectura-RISCV/Modulos/ALU.v:33]
INFO: [Synth 8-6155] done synthesizing module 'ALU' (1#1) [C:/Users/chris_qwzwysn/Proyecto Micros Arquitectura RISCV/Proyecto-Micros-Arquitectura-RISCV/Modulos/ALU.v:23]
INFO: [Synth 8-6155] done synthesizing module 'RISCV_Uniciclo_ALU_0_1' (2#1) [c:/Users/chris_qwzwysn/Proyecto Micros Arquitectura RISCV/Proyecto-Micros-Arquitectura-RISCV/Proyecto Micros Arquitectura RISCV.gen/sources_1/bd/RISCV_Uniciclo/ip/RISCV_Uniciclo_ALU_0_1/synth/RISCV_Uniciclo_ALU_0_1.v:58]
---------------------------------------------------------------------------------
Finished Synthesize : Time (s): cpu = 00:00:15 ; elapsed = 00:00:17 . Memory (MB): peak = 1102.629 ; gain = 0.000
---------------------------------------------------------------------------------
---------------------------------------------------------------------------------
Finished Constraint Validation : Time (s): cpu = 00:00:16 ; elapsed = 00:00:18 . Memory (MB): peak = 1102.629 ; gain = 0.000
---------------------------------------------------------------------------------
---------------------------------------------------------------------------------
Start Loading Part and Timing Information
---------------------------------------------------------------------------------
Loading part: xcvc1802-viva1596-1LHP-i-L
INFO: [Synth 8-6742] Reading net delay rules and data
---------------------------------------------------------------------------------
Finished Loading Part and Timing Information : Time (s): cpu = 00:00:16 ; elapsed = 00:00:18 . Memory (MB): peak = 1102.629 ; gain = 0.000
---------------------------------------------------------------------------------
INFO: [Device 21-403] Loading part xcvc1802-viva1596-1LHP-i-L
---------------------------------------------------------------------------------
Finished RTL Optimization Phase 2 : Time (s): cpu = 00:00:16 ; elapsed = 00:00:19 . Memory (MB): peak = 1102.629 ; gain = 0.000
---------------------------------------------------------------------------------
No constraint files found.
---------------------------------------------------------------------------------
Start RTL Component Statistics 
---------------------------------------------------------------------------------
Detailed RTL Component Info : 
+---Adders : 
	   2 Input   32 Bit       Adders := 1     
	   3 Input   32 Bit       Adders := 1     
+---XORs : 
	   2 Input     32 Bit         XORs := 1     
---------------------------------------------------------------------------------
Finished RTL Component Statistics 
---------------------------------------------------------------------------------
---------------------------------------------------------------------------------
Start Part Resource Summary
---------------------------------------------------------------------------------
WARNING: [Device 21-713] Unknown Tile Type, SLL, given for group, SLL
Part Resources:
DSPs: 1600 (col length:164)
BRAMs: 1600 (col length: RAMB18 168 RAMB36 84)
---------------------------------------------------------------------------------
Finished Part Resource Summary
---------------------------------------------------------------------------------
No constraint files found.
---------------------------------------------------------------------------------
Start Cross Boundary and Area Optimization
---------------------------------------------------------------------------------
---------------------------------------------------------------------------------
Finished Cross Boundary and Area Optimization : Time (s): cpu = 00:00:50 ; elapsed = 00:01:02 . Memory (MB): peak = 1504.199 ; gain = 401.570
---------------------------------------------------------------------------------
No constraint files found.
---------------------------------------------------------------------------------
Start Timing Optimization
---------------------------------------------------------------------------------
---------------------------------------------------------------------------------
Finished Timing Optimization : Time (s): cpu = 00:00:50 ; elapsed = 00:01:02 . Memory (MB): peak = 1510.836 ; gain = 408.207
---------------------------------------------------------------------------------
---------------------------------------------------------------------------------
Start Technology Mapping
---------------------------------------------------------------------------------
---------------------------------------------------------------------------------
Finished Technology Mapping : Time (s): cpu = 00:00:51 ; elapsed = 00:01:03 . Memory (MB): peak = 1511.016 ; gain = 408.387
---------------------------------------------------------------------------------
---------------------------------------------------------------------------------
Start IO Insertion
---------------------------------------------------------------------------------
---------------------------------------------------------------------------------
Start Flattening Before IO Insertion
---------------------------------------------------------------------------------
---------------------------------------------------------------------------------
Finished Flattening Before IO Insertion
---------------------------------------------------------------------------------
---------------------------------------------------------------------------------
Start Final Netlist Cleanup
---------------------------------------------------------------------------------
---------------------------------------------------------------------------------
Finished Final Netlist Cleanup
---------------------------------------------------------------------------------
---------------------------------------------------------------------------------
Finished IO Insertion : Time (s): cpu = 00:00:58 ; elapsed = 00:01:10 . Memory (MB): peak = 1511.016 ; gain = 408.387
---------------------------------------------------------------------------------
---------------------------------------------------------------------------------
Start Renaming Generated Instances
---------------------------------------------------------------------------------
---------------------------------------------------------------------------------
Finished Renaming Generated Instances : Time (s): cpu = 00:00:58 ; elapsed = 00:01:10 . Memory (MB): peak = 1511.016 ; gain = 408.387
---------------------------------------------------------------------------------
---------------------------------------------------------------------------------
Start Rebuilding User Hierarchy
---------------------------------------------------------------------------------
---------------------------------------------------------------------------------
Finished Rebuilding User Hierarchy : Time (s): cpu = 00:00:58 ; elapsed = 00:01:10 . Memory (MB): peak = 1511.016 ; gain = 408.387
---------------------------------------------------------------------------------
---------------------------------------------------------------------------------
Start Renaming Generated Ports
---------------------------------------------------------------------------------
---------------------------------------------------------------------------------
Finished Renaming Generated Ports : Time (s): cpu = 00:00:58 ; elapsed = 00:01:10 . Memory (MB): peak = 1511.016 ; gain = 408.387
---------------------------------------------------------------------------------
---------------------------------------------------------------------------------
Start Handling Custom Attributes
---------------------------------------------------------------------------------
---------------------------------------------------------------------------------
Finished Handling Custom Attributes : Time (s): cpu = 00:00:58 ; elapsed = 00:01:10 . Memory (MB): peak = 1511.016 ; gain = 408.387
---------------------------------------------------------------------------------
---------------------------------------------------------------------------------
Start Renaming Generated Nets
---------------------------------------------------------------------------------
---------------------------------------------------------------------------------
Finished Renaming Generated Nets : Time (s): cpu = 00:00:58 ; elapsed = 00:01:10 . Memory (MB): peak = 1511.016 ; gain = 408.387
---------------------------------------------------------------------------------
---------------------------------------------------------------------------------
Start Writing Synthesis Report
---------------------------------------------------------------------------------

Report BlackBoxes: 
+-+--------------+----------+
| |BlackBox name |Instances |
+-+--------------+----------+
+-+--------------+----------+

Report Cell Usage: 
+------+-----------+------+
|      |Cell       |Count |
+------+-----------+------+
|1     |LOOKAHEAD8 |     8|
|2     |LUT2       |     4|
|3     |LUT3       |     7|
|4     |LUT4       |    35|
|5     |LUT5       |    61|
|6     |LUT6       |   211|
|7     |LUT6CY     |    64|
|8     |LUT6       |     1|
+------+-----------+------+

Report Instance Areas: 
+------+---------+-------+------+
|      |Instance |Module |Cells |
+------+---------+-------+------+
|1     |top      |       |   391|
+------+---------+-------+------+
---------------------------------------------------------------------------------
Finished Writing Synthesis Report : Time (s): cpu = 00:00:58 ; elapsed = 00:01:10 . Memory (MB): peak = 1511.016 ; gain = 408.387
---------------------------------------------------------------------------------
Synthesis finished with 0 errors, 0 critical warnings and 1 warnings.
Synthesis Optimization Runtime : Time (s): cpu = 00:00:58 ; elapsed = 00:01:10 . Memory (MB): peak = 1511.016 ; gain = 408.387
Synthesis Optimization Complete : Time (s): cpu = 00:00:58 ; elapsed = 00:01:10 . Memory (MB): peak = 1511.016 ; gain = 408.387
INFO: [Project 1-571] Translating synthesized netlist
Netlist sorting complete. Time (s): cpu = 00:00:00 ; elapsed = 00:00:00.008 . Memory (MB): peak = 1522.895 ; gain = 0.000
INFO: [Netlist 29-17] Analyzing 65 Unisim elements for replacement
INFO: [Netlist 29-28] Unisim Transformation completed in 0 CPU seconds
INFO: [Constraints 18-5718] GCLK Deskew mode is set to Off via param.
INFO: [Project 1-570] Preparing netlist for logic optimization
INFO: [Opt 31-138] Pushed 0 inverter(s) to 0 load pin(s).
Netlist sorting complete. Time (s): cpu = 00:00:00 ; elapsed = 00:00:00.001 . Memory (MB): peak = 1722.602 ; gain = 0.000
INFO: [Project 1-111] Unisim Transformation Summary:
  A total of 65 instances were transformed.
  LUT6CY => LUT6CY (LUTCY1, LUTCY2): 64 instances
  LUT6_2 => LUT6_2 (LUT5, LUT6): 1 instance 

Synth Design complete, checksum: 568ae1b
INFO: [Common 17-83] Releasing license: Synthesis
21 Infos, 2 Warnings, 0 Critical Warnings and 0 Errors encountered.
synth_design completed successfully
synth_design: Time (s): cpu = 00:01:06 ; elapsed = 00:01:19 . Memory (MB): peak = 1722.602 ; gain = 619.973
INFO: [Timing 38-35] Done setting XDC timing constraints.
INFO: [Common 17-1381] The checkpoint 'C:/Users/chris_qwzwysn/Proyecto Micros Arquitectura RISCV/Proyecto-Micros-Arquitectura-RISCV/Proyecto Micros Arquitectura RISCV.runs/RISCV_Uniciclo_ALU_0_1_synth_1/RISCV_Uniciclo_ALU_0_1.dcp' has been generated.
write_checkpoint: Time (s): cpu = 00:00:18 ; elapsed = 00:00:20 . Memory (MB): peak = 2043.523 ; gain = 320.922
WARNING: [Common 17-576] 'use_project_ipc' is deprecated. This option is deprecated and no longer used.
INFO: [Common 17-1381] The checkpoint 'C:/Users/chris_qwzwysn/Proyecto Micros Arquitectura RISCV/Proyecto-Micros-Arquitectura-RISCV/Proyecto Micros Arquitectura RISCV.runs/RISCV_Uniciclo_ALU_0_1_synth_1/RISCV_Uniciclo_ALU_0_1.dcp' has been generated.
INFO: [runtcl-4] Executing : report_utilization -file RISCV_Uniciclo_ALU_0_1_utilization_synth.rpt -pb RISCV_Uniciclo_ALU_0_1_utilization_synth.pb
INFO: [Common 17-206] Exiting Vivado at Tue Jun  8 21:42:14 2021...
